<?xml version="1.0" encoding="UTF-8"?>
<!-- Generated by org.testng.reporters.JUnitReportReporter -->
<testsuite hostname="qr012" name="org.helm.monomerservice.MongoDBTest" tests="14" failures="0" timestamp="1 Mar 2018 16:16:20 GMT" time="0.855" errors="0">
  <testcase name="testInsertMonomer" time="0.346" classname="org.helm.monomerservice.MongoDBTest"/>
  <testcase name="testUpdateRule" time="0.020" classname="org.helm.monomerservice.MongoDBTest"/>
  <testcase name="testUpdateMonomer" time="0.049" classname="org.helm.monomerservice.MongoDBTest"/>
  <testcase name="testShowAllMonomers" time="0.049" classname="org.helm.monomerservice.MongoDBTest"/>
  <testcase name="testMonomerDetail" time="0.142" classname="org.helm.monomerservice.MongoDBTest"/>
  <testcase name="testErrorCodesRules" time="0.003" classname="org.helm.monomerservice.MongoDBTest"/>
  <testcase name="testShowAllMonomersByType" time="0.003" classname="org.helm.monomerservice.MongoDBTest"/>
  <testcase name="testInsertRule" time="0.019" classname="org.helm.monomerservice.MongoDBTest"/>
  <testcase name="testInsertOrUpdateMonomer" time="0.049" classname="org.helm.monomerservice.MongoDBTest"/>
  <testcase name="testShowRule" time="0.001" classname="org.helm.monomerservice.MongoDBTest"/>
  <testcase name="testShowAllRules" time="0.005" classname="org.helm.monomerservice.MongoDBTest"/>
  <testcase name="testDeleteRule" time="0.010" classname="org.helm.monomerservice.MongoDBTest"/>
  <testcase name="testDeleteMonomer" time="0.105" classname="org.helm.monomerservice.MongoDBTest"/>
  <testcase name="testUniqueSmiles" time="0.054" classname="org.helm.monomerservice.MongoDBTest"/>
</testsuite> <!-- org.helm.monomerservice.MongoDBTest -->
