<?xml version="1.0" encoding="UTF-8"?>
<!-- Generated by org.testng.reporters.JUnitReportReporter -->
<testsuite hostname="qr004" name="org.helm.monomerservice.RestMonomerTest" tests="1" failures="0" timestamp="22 Aug 2017 10:56:31 GMT" time="1.152" errors="0">
  <testcase name="testInserOrUpdateMonomer" time="1.152" classname="org.helm.monomerservice.RestMonomerTest"/>
</testsuite> <!-- org.helm.monomerservice.RestMonomerTest -->
