<?xml version="1.0" encoding="UTF-8"?>
<!-- Generated by org.testng.reporters.JUnitReportReporter -->
<testsuite hostname="qr004" name="org.helm.monomerservice.RestRuleTest" tests="1" failures="0" timestamp="12 Sep 2017 08:36:40 GMT" time="23.895" errors="0">
  <testcase name="testShowRule" time="23.895" classname="org.helm.monomerservice.RestRuleTest"/>
</testsuite> <!-- org.helm.monomerservice.RestRuleTest -->
