<?xml version="1.0" encoding="UTF-8"?>
<!-- Generated by org.testng.reporters.JUnitReportReporter -->
<testsuite hostname="qr026" name="org.helm.monomerservice.RestMonomerTest" tests="1" failures="0" timestamp="18 Feb 2018 21:49:57 GMT" time="1.795" errors="0">
  <testcase name="testInserOrUpdateMonomer" time="1.795" classname="org.helm.monomerservice.RestMonomerTest"/>
</testsuite> <!-- org.helm.monomerservice.RestMonomerTest -->
