<?xml version="1.0" encoding="UTF-8"?>
<!-- Generated by org.testng.reporters.JUnitReportReporter -->
<testsuite hostname="qr004" name="org.helm.monomerservice.MongoDBTest" tests="1" failures="0" timestamp="22 Sep 2017 14:27:20 GMT" time="0.570" errors="0">
  <testcase name="testInsertOrUpdateMonomer" time="0.570" classname="org.helm.monomerservice.MongoDBTest"/>
</testsuite> <!-- org.helm.monomerservice.MongoDBTest -->
