<?xml version="1.0" encoding="UTF-8"?>
<!-- Generated by org.testng.reporters.JUnitReportReporter -->
<testsuite hostname="qr012" name="org.helm.monomerservice.SQLiteTest" tests="12" failures="0" timestamp="2 Mar 2018 12:06:30 GMT" time="0.907" errors="0">
  <testcase name="testShowMonomers" time="0.047" classname="org.helm.monomerservice.SQLiteTest"/>
  <testcase name="testUpdateRule" time="0.016" classname="org.helm.monomerservice.SQLiteTest"/>
  <testcase name="testErrorCodesRules" time="0.016" classname="org.helm.monomerservice.SQLiteTest"/>
  <testcase name="testUniqueSmiles" time="0.046" classname="org.helm.monomerservice.SQLiteTest"/>
  <testcase name="testInsertMonomer" time="0.046" classname="org.helm.monomerservice.SQLiteTest"/>
  <testcase name="testGetMonomer" time="0.156" classname="org.helm.monomerservice.SQLiteTest"/>
  <testcase name="testFilterMonomers" time="0.000" classname="org.helm.monomerservice.SQLiteTest"/>
  <testcase name="testShowRules" time="0.016" classname="org.helm.monomerservice.SQLiteTest"/>
  <testcase name="testDeleteMonomer" time="0.015" classname="org.helm.monomerservice.SQLiteTest"/>
  <testcase name="testInsertRule" time="0.016" classname="org.helm.monomerservice.SQLiteTest"/>
  <testcase name="insertOrUpdateMonomer" time="0.424" classname="org.helm.monomerservice.SQLiteTest"/>
  <testcase name="testUpdateMonomer" time="0.109" classname="org.helm.monomerservice.SQLiteTest"/>
</testsuite> <!-- org.helm.monomerservice.SQLiteTest -->
