<?xml version="1.0" encoding="UTF-8"?>
<!-- Generated by org.testng.reporters.JUnitReportReporter -->
<testsuite hostname="QR005" name="org.helm.monomerservice.SQLiteTest" tests="1" failures="0" timestamp="25 Jan 2018 09:22:17 GMT" time="0.156" errors="0">
  <testcase name="testInsertMonomer" time="0.156" classname="org.helm.monomerservice.SQLiteTest"/>
</testsuite> <!-- org.helm.monomerservice.SQLiteTest -->
