<?xml version="1.0" encoding="UTF-8"?>
<!-- Generated by org.testng.reporters.JUnitReportReporter -->
<testsuite hostname="QR005" name="org.helm.monomerservice.RestRuleTest" tests="1" failures="0" timestamp="16 Jan 2018 11:55:50 GMT" time="0.998" errors="0">
  <testcase name="testAddRule" time="0.998" classname="org.helm.monomerservice.RestRuleTest"/>
</testsuite> <!-- org.helm.monomerservice.RestRuleTest -->
