<?xml version="1.0" encoding="UTF-8"?>
<!-- Generated by org.testng.reporters.JUnitReportReporter -->
<testsuite hostname="QR005" name="org.helm.monomerservice.SQLiteTest" tests="10" failures="0" timestamp="14 Dec 2017 14:24:21 GMT" time="0.459" errors="0">
  <testcase name="testUpdateRule" time="0.014" classname="org.helm.monomerservice.SQLiteTest"/>
  <testcase name="testInsertRule" time="0.016" classname="org.helm.monomerservice.SQLiteTest"/>
  <testcase name="testShowRules" time="0.005" classname="org.helm.monomerservice.SQLiteTest"/>
  <testcase name="testFilterMonomers" time="0.002" classname="org.helm.monomerservice.SQLiteTest"/>
  <testcase name="testGetMonomer" time="0.003" classname="org.helm.monomerservice.SQLiteTest"/>
  <testcase name="insertOrUpdateMonomer" time="0.249" classname="org.helm.monomerservice.SQLiteTest"/>
  <testcase name="testShowAllMonomersByType" time="0.057" classname="org.helm.monomerservice.SQLiteTest"/>
  <testcase name="testInsertMonomer" time="0.057" classname="org.helm.monomerservice.SQLiteTest"/>
  <testcase name="testUpdateMonomer" time="0.055" classname="org.helm.monomerservice.SQLiteTest"/>
  <testcase name="testDeleteMonomer" time="0.001" classname="org.helm.monomerservice.SQLiteTest"/>
</testsuite> <!-- org.helm.monomerservice.SQLiteTest -->
