<?xml version="1.0" encoding="UTF-8"?>
<!-- Generated by org.testng.reporters.JUnitReportReporter -->
<testsuite hostname="QR005" name="org.helm.monomerservice.RestMonomerTest" tests="1" failures="0" timestamp="25 Jan 2018 10:17:47 GMT" time="96.369" errors="0">
  <testcase name="testInserOrUpdateMonomer" time="96.369" classname="org.helm.monomerservice.RestMonomerTest"/>
</testsuite> <!-- org.helm.monomerservice.RestMonomerTest -->
