<?xml version="1.0" encoding="UTF-8"?>
<!-- Generated by org.testng.reporters.JUnitReportReporter -->
<testsuite hostname="qr004" name="org.helm.monomerservice.RestMonomerTest" tests="1" failures="0" timestamp="21 Aug 2017 11:26:12 GMT" time="1.189" errors="0">
  <testcase name="testMonomerDetail" time="1.189" classname="org.helm.monomerservice.RestMonomerTest"/>
</testsuite> <!-- org.helm.monomerservice.RestMonomerTest -->
