<?xml version="1.0" encoding="UTF-8"?>
<!-- Generated by org.testng.reporters.JUnitReportReporter -->
<testsuite hostname="qr026" name="org.helm.monomerservice.RestMonomerTest" tests="11" failures="0" timestamp="28 Mar 2018 13:56:12 GMT" time="3.767" errors="0">
  <testcase name="testShowAllMonomersByMonomerType" time="0.184" classname="org.helm.monomerservice.RestMonomerTest"/>
  <testcase name="testInserOrUpdateMonomer" time="0.947" classname="org.helm.monomerservice.RestMonomerTest"/>
  <testcase name="testDeleteNonExistingMonomer" time="0.117" classname="org.helm.monomerservice.RestMonomerTest"/>
  <testcase name="testShowAllMonomersByType" time="0.162" classname="org.helm.monomerservice.RestMonomerTest"/>
  <testcase name="testDeleteMonomer" time="0.568" classname="org.helm.monomerservice.RestMonomerTest"/>
  <testcase name="testUpdateMonomerName" time="0.165" classname="org.helm.monomerservice.RestMonomerTest"/>
  <testcase name="testMonomerPagination" time="0.144" classname="org.helm.monomerservice.RestMonomerTest"/>
  <testcase name="testShowAllMonomers" time="0.416" classname="org.helm.monomerservice.RestMonomerTest"/>
  <testcase name="testUpdateMonomer" time="0.850" classname="org.helm.monomerservice.RestMonomerTest"/>
  <testcase name="testMonomerDetail" time="0.086" classname="org.helm.monomerservice.RestMonomerTest"/>
  <testcase name="testShowFilteredMonomers" time="0.128" classname="org.helm.monomerservice.RestMonomerTest"/>
</testsuite> <!-- org.helm.monomerservice.RestMonomerTest -->
