<?xml version="1.0" encoding="UTF-8"?>
<!-- Generated by org.testng.reporters.JUnitReportReporter -->
<testsuite hostname="QR005" name="org.helm.monomerservice.RestMonomerTest" tests="1" failures="0" timestamp="14 Feb 2018 08:19:13 GMT" time="1.454" errors="0">
  <testcase name="testInserOrUpdateMonomer" time="1.454" classname="org.helm.monomerservice.RestMonomerTest"/>
</testsuite> <!-- org.helm.monomerservice.RestMonomerTest -->
