<?xml version="1.0" encoding="UTF-8"?>
<!-- Generated by org.testng.reporters.JUnitReportReporter -->
<testsuite hostname="QR005" name="org.helm.monomerservice.RestMonomerTest" tests="1" failures="0" timestamp="15 Jan 2018 11:25:40 GMT" time="144.320" errors="0">
  <testcase name="testShowAllMonomersByMonomerType" time="144.320" classname="org.helm.monomerservice.RestMonomerTest"/>
</testsuite> <!-- org.helm.monomerservice.RestMonomerTest -->
