<?xml version="1.0" encoding="UTF-8"?>
<!-- Generated by org.testng.reporters.JUnitReportReporter -->
<testsuite hostname="QR005" name="org.helm.monomerservice.RestMonomerTest" tests="1" failures="0" timestamp="16 Jan 2018 10:29:43 GMT" time="1.011" errors="0">
  <testcase name="testInserOrUpdateMonomer" time="1.011" classname="org.helm.monomerservice.RestMonomerTest"/>
</testsuite> <!-- org.helm.monomerservice.RestMonomerTest -->
