<?xml version="1.0" encoding="UTF-8"?>
<!-- Generated by org.testng.reporters.JUnitReportReporter -->
<testsuite hostname="qr004" name="org.helm.monomerservice.SQLiteTest" tests="1" failures="0" timestamp="25 Sep 2017 11:33:28 GMT" time="0.499" errors="0">
  <testcase name="testShowRules" time="0.499" classname="org.helm.monomerservice.SQLiteTest"/>
</testsuite> <!-- org.helm.monomerservice.SQLiteTest -->
