<?xml version="1.0" encoding="UTF-8"?>
<!-- Generated by org.testng.reporters.JUnitReportReporter -->
<testsuite hostname="QR005" name="org.helm.monomerservice.SQLiteTest" tests="1" failures="0" timestamp="4 Jun 2018 11:16:32 GMT" time="0.116" errors="0">
  <testcase name="testFilterMonomers2" time="0.116" classname="org.helm.monomerservice.SQLiteTest"/>
</testsuite> <!-- org.helm.monomerservice.SQLiteTest -->
