<?xml version="1.0" encoding="UTF-8"?>
<!-- Generated by org.testng.reporters.JUnitReportReporter -->
<testsuite hostname="qr026" name="org.helm.monomerservice.RestMonomerTest" tests="1" failures="0" timestamp="18 Feb 2018 19:32:13 GMT" time="2.216" errors="0">
  <testcase name="testJSON" time="2.216" classname="org.helm.monomerservice.RestMonomerTest"/>
</testsuite> <!-- org.helm.monomerservice.RestMonomerTest -->
