<?xml version="1.0" encoding="UTF-8"?>
<!-- Generated by org.testng.reporters.JUnitReportReporter -->
<testsuite hostname="qr004" name="org.helm.monomerservice.MongoDBTest" tests="1" failures="0" timestamp="25 Sep 2017 14:14:44 GMT" time="0.557" errors="0">
  <testcase name="testInsertRule" time="0.557" classname="org.helm.monomerservice.MongoDBTest"/>
</testsuite> <!-- org.helm.monomerservice.MongoDBTest -->
