<?xml version="1.0" encoding="UTF-8"?>
<!-- Generated by org.testng.reporters.JUnitReportReporter -->
<testsuite hostname="QR005" name="org.helm.monomerservice.MonomerLibrarySQLiteTest" tests="1" failures="0" timestamp="12 Jul 2018 15:38:05 GMT" time="0.153" errors="0">
  <testcase name="testSymbolInDatabase" time="0.153" classname="org.helm.monomerservice.MonomerLibrarySQLiteTest"/>
</testsuite> <!-- org.helm.monomerservice.MonomerLibrarySQLiteTest -->
