<?xml version="1.0" encoding="UTF-8"?>
<!-- Generated by org.testng.reporters.JUnitReportReporter -->
<testsuite hostname="qr004" name="org.helm.monomerservice.RestMonomerTest" tests="10" failures="1" timestamp="25 Sep 2017 14:17:14 GMT" time="2.552" errors="0">
  <testcase name="testMonomerDetail" time="0.084" classname="org.helm.monomerservice.RestMonomerTest"/>
  <testcase name="testMonomerPagination" time="0.115" classname="org.helm.monomerservice.RestMonomerTest"/>
  <testcase name="testShowFilteredMonomers" time="0.121" classname="org.helm.monomerservice.RestMonomerTest"/>
  <testcase name="testUpdateMonomer" time="0.096" classname="org.helm.monomerservice.RestMonomerTest"/>
  <testcase name="testInserOrUpdateMonomer" time="0.310" classname="org.helm.monomerservice.RestMonomerTest"/>
  <testcase name="testDeleteMonomer" time="0.577" classname="org.helm.monomerservice.RestMonomerTest">
    <failure type="java.lang.AssertionError" message="expected [204] but found [200]">
      <![CDATA[java.lang.AssertionError: expected [204] but found [200]
	at org.testng.Assert.fail(Assert.java:94)
	at org.testng.Assert.failNotEquals(Assert.java:513)
	at org.testng.Assert.assertEqualsImpl(Assert.java:135)
	at org.testng.Assert.assertEquals(Assert.java:116)
	at org.testng.Assert.assertEquals(Assert.java:389)
	at org.testng.Assert.assertEquals(Assert.java:399)
	at org.helm.monomerservice.RestMonomerTest.testDeleteMonomer(RestMonomerTest.java:54)
	at sun.reflect.NativeMethodAccessorImpl.invoke0(Native Method)
	at sun.reflect.NativeMethodAccessorImpl.invoke(NativeMethodAccessorImpl.java:57)
	at sun.reflect.DelegatingMethodAccessorImpl.invoke(DelegatingMethodAccessorImpl.java:43)
	at java.lang.reflect.Method.invoke(Method.java:606)
	at org.testng.internal.MethodInvocationHelper.invokeMethod(MethodInvocationHelper.java:86)
	at org.testng.internal.Invoker.invokeMethod(Invoker.java:643)
	at org.testng.internal.Invoker.invokeTestMethod(Invoker.java:820)
	at org.testng.internal.Invoker.invokeTestMethods(Invoker.java:1128)
	at org.testng.internal.TestMethodWorker.invokeTestMethods(TestMethodWorker.java:129)
	at org.testng.internal.TestMethodWorker.run(TestMethodWorker.java:112)
	at org.testng.TestRunner.privateRun(TestRunner.java:782)
	at org.testng.TestRunner.run(TestRunner.java:632)
	at org.testng.SuiteRunner.runTest(SuiteRunner.java:366)
	at org.testng.SuiteRunner.runSequentially(SuiteRunner.java:361)
	at org.testng.SuiteRunner.privateRun(SuiteRunner.java:319)
	at org.testng.SuiteRunner.run(SuiteRunner.java:268)
	at org.testng.SuiteRunnerWorker.runSuite(SuiteRunnerWorker.java:52)
	at org.testng.SuiteRunnerWorker.run(SuiteRunnerWorker.java:86)
	at org.testng.TestNG.runSuitesSequentially(TestNG.java:1244)
	at org.testng.TestNG.runSuitesLocally(TestNG.java:1169)
	at org.testng.TestNG.run(TestNG.java:1064)
	at org.testng.remote.AbstractRemoteTestNG.run(AbstractRemoteTestNG.java:132)
	at org.testng.remote.RemoteTestNG.initAndRun(RemoteTestNG.java:230)
	at org.testng.remote.RemoteTestNG.main(RemoteTestNG.java:76)
]]>
    </failure>
  </testcase> <!-- testDeleteMonomer -->
  <testcase name="testUpdateMonomerName" time="0.153" classname="org.helm.monomerservice.RestMonomerTest"/>
  <testcase name="testShowAllMonomers" time="0.423" classname="org.helm.monomerservice.RestMonomerTest"/>
  <testcase name="testShowAllMonomersByMonomerType" time="0.118" classname="org.helm.monomerservice.RestMonomerTest"/>
  <testcase name="testShowAllMonomersByType" time="0.555" classname="org.helm.monomerservice.RestMonomerTest"/>
</testsuite> <!-- org.helm.monomerservice.RestMonomerTest -->
