<?xml version="1.0" encoding="UTF-8"?>
<!-- Generated by org.testng.reporters.JUnitReportReporter -->
<testsuite hostname="qr004" name="org.helm.monomerservice.SQLiteTest" tests="1" failures="0" timestamp="11 Sep 2017 14:37:58 GMT" time="0.158" errors="0">
  <testcase name="testFilterMonomers" time="0.158" classname="org.helm.monomerservice.SQLiteTest"/>
</testsuite> <!-- org.helm.monomerservice.SQLiteTest -->
