<?xml version="1.0" encoding="UTF-8"?>
<!-- Generated by org.testng.reporters.JUnitReportReporter -->
<testsuite hostname="qr004" name="org.helm.monomerservice.RestRuleTest" tests="5" failures="0" timestamp="25 Sep 2017 14:17:53 GMT" time="1.690" errors="0">
  <testcase name="testShowAllRules" time="0.164" classname="org.helm.monomerservice.RestRuleTest"/>
  <testcase name="testDeleteRule" time="0.082" classname="org.helm.monomerservice.RestRuleTest"/>
  <testcase name="testAddRule" time="0.795" classname="org.helm.monomerservice.RestRuleTest"/>
  <testcase name="testShowRule" time="0.552" classname="org.helm.monomerservice.RestRuleTest"/>
  <testcase name="testUpdateRule" time="0.097" classname="org.helm.monomerservice.RestRuleTest"/>
</testsuite> <!-- org.helm.monomerservice.RestRuleTest -->
