<?xml version="1.0" encoding="UTF-8"?>
<!-- Generated by org.testng.reporters.JUnitReportReporter -->
<testsuite hostname="qr012" name="org.helm.monomerservice.RestRuleTest" tests="5" failures="0" timestamp="2 Mar 2018 10:59:19 GMT" time="1.293" errors="0">
  <testcase name="testAddAndDeleteRule" time="0.550" classname="org.helm.monomerservice.RestRuleTest"/>
  <testcase name="testDeleteRule" time="0.094" classname="org.helm.monomerservice.RestRuleTest"/>
  <testcase name="testShowAllRules" time="0.509" classname="org.helm.monomerservice.RestRuleTest"/>
  <testcase name="testShowRule" time="0.074" classname="org.helm.monomerservice.RestRuleTest"/>
  <testcase name="testUpdateRule" time="0.066" classname="org.helm.monomerservice.RestRuleTest"/>
</testsuite> <!-- org.helm.monomerservice.RestRuleTest -->
