<?xml version="1.0" encoding="UTF-8"?>
<!-- Generated by org.testng.reporters.JUnitReportReporter -->
<testsuite hostname="qr004" name="org.helm.monomerservice.RestMonomerTest" tests="1" failures="0" timestamp="20 Sep 2017 09:15:19 GMT" time="1.257" errors="0">
  <testcase name="testShowAllMonomers" time="1.257" classname="org.helm.monomerservice.RestMonomerTest"/>
</testsuite> <!-- org.helm.monomerservice.RestMonomerTest -->
