<?xml version="1.0" encoding="UTF-8"?>
<!-- Generated by org.testng.reporters.JUnitReportReporter -->
<testsuite hostname="qr004" name="org.helm.monomerservice.MongoDBTest" tests="1" failures="0" timestamp="27 Oct 2017 13:42:31 GMT" time="0.555" errors="0">
  <testcase name="testShowAllMonomersByType" time="0.555" classname="org.helm.monomerservice.MongoDBTest"/>
</testsuite> <!-- org.helm.monomerservice.MongoDBTest -->
