<?xml version="1.0" encoding="UTF-8"?>
<!-- Generated by org.testng.reporters.JUnitReportReporter -->
<testsuite hostname="qr026" name="org.helm.monomerservice.RestMonomerTest" tests="1" failures="0" timestamp="6 Mar 2018 20:53:36 GMT" time="1.480" errors="0">
  <testcase name="testMonomerPagination" time="1.480" classname="org.helm.monomerservice.RestMonomerTest"/>
</testsuite> <!-- org.helm.monomerservice.RestMonomerTest -->
