<?xml version="1.0" encoding="UTF-8"?>
<!-- Generated by org.testng.reporters.JUnitReportReporter -->
<testsuite hostname="QR005" name="org.helm.monomerservice.RestMonomerTest" tests="1" failures="0" timestamp="4 Jun 2018 12:16:26 GMT" time="0.860" errors="0">
  <testcase name="testShowFilteredMonomersWithType" time="0.860" classname="org.helm.monomerservice.RestMonomerTest"/>
</testsuite> <!-- org.helm.monomerservice.RestMonomerTest -->
