<?xml version="1.0" encoding="UTF-8"?>
<!-- Generated by org.testng.reporters.JUnitReportReporter -->
<testsuite hostname="qr004" name="org.helm.monomerservice.RestMonomerTest" tests="1" failures="0" timestamp="27 Oct 2017 13:54:30 GMT" time="1.303" errors="0">
  <testcase name="testShowFilteredMonomers" time="1.303" classname="org.helm.monomerservice.RestMonomerTest"/>
</testsuite> <!-- org.helm.monomerservice.RestMonomerTest -->
