<?xml version="1.0" encoding="UTF-8"?>
<!-- Generated by org.testng.reporters.JUnitReportReporter -->
<testsuite hostname="qr012" name="org.helm.monomerservice.RestMonomerTest" tests="12" failures="0" timestamp="2 Mar 2018 10:59:24 GMT" time="2.279" errors="0">
  <testcase name="testJSON" time="0.078" classname="org.helm.monomerservice.RestMonomerTest"/>
  <testcase name="testUpdateMonomer" time="0.138" classname="org.helm.monomerservice.RestMonomerTest"/>
  <testcase name="testDeleteMonomer" time="0.380" classname="org.helm.monomerservice.RestMonomerTest"/>
  <testcase name="testDeleteNonExistingMonomer" time="0.083" classname="org.helm.monomerservice.RestMonomerTest"/>
  <testcase name="testShowAllMonomers" time="0.219" classname="org.helm.monomerservice.RestMonomerTest"/>
  <testcase name="testShowFilteredMonomers" time="0.063" classname="org.helm.monomerservice.RestMonomerTest"/>
  <testcase name="testUpdateMonomerName" time="0.094" classname="org.helm.monomerservice.RestMonomerTest"/>
  <testcase name="testMonomerDetail" time="0.064" classname="org.helm.monomerservice.RestMonomerTest"/>
  <testcase name="testInserOrUpdateMonomer" time="0.468" classname="org.helm.monomerservice.RestMonomerTest"/>
  <testcase name="testShowAllMonomersByMonomerType" time="0.536" classname="org.helm.monomerservice.RestMonomerTest"/>
  <testcase name="testMonomerPagination" time="0.078" classname="org.helm.monomerservice.RestMonomerTest"/>
  <testcase name="testShowAllMonomersByType" time="0.078" classname="org.helm.monomerservice.RestMonomerTest"/>
</testsuite> <!-- org.helm.monomerservice.RestMonomerTest -->
