<?xml version="1.0" encoding="UTF-8"?>
<!-- Generated by org.testng.reporters.JUnitReportReporter -->
<testsuite hostname="QR005" name="org.helm.monomerservice.RestMonomerTest" tests="10" failures="0" timestamp="18 Dec 2017 12:20:17 GMT" time="2.439" errors="0">
  <testcase name="testMonomerDetail" time="0.127" classname="org.helm.monomerservice.RestMonomerTest"/>
  <testcase name="testShowAllMonomers" time="0.391" classname="org.helm.monomerservice.RestMonomerTest"/>
  <testcase name="testInserOrUpdateMonomer" time="0.296" classname="org.helm.monomerservice.RestMonomerTest"/>
  <testcase name="testDeleteMonomer" time="0.388" classname="org.helm.monomerservice.RestMonomerTest"/>
  <testcase name="testShowAllMonomersByType" time="0.135" classname="org.helm.monomerservice.RestMonomerTest"/>
  <testcase name="testShowFilteredMonomers" time="0.542" classname="org.helm.monomerservice.RestMonomerTest"/>
  <testcase name="testUpdateMonomer" time="0.154" classname="org.helm.monomerservice.RestMonomerTest"/>
  <testcase name="testUpdateMonomerName" time="0.136" classname="org.helm.monomerservice.RestMonomerTest"/>
  <testcase name="testShowAllMonomersByMonomerType" time="0.140" classname="org.helm.monomerservice.RestMonomerTest"/>
  <testcase name="testMonomerPagination" time="0.130" classname="org.helm.monomerservice.RestMonomerTest"/>
</testsuite> <!-- org.helm.monomerservice.RestMonomerTest -->
