<?xml version="1.0" encoding="UTF-8"?>
<!-- Generated by org.testng.reporters.JUnitReportReporter -->
<testsuite hostname="qr004" name="org.helm.monomerservice.SQLiteTest" tests="1" failures="0" timestamp="27 Oct 2017 13:13:07 GMT" time="0.160" errors="0">
  <testcase name="testFilterMonomers" time="0.160" classname="org.helm.monomerservice.SQLiteTest"/>
</testsuite> <!-- org.helm.monomerservice.SQLiteTest -->
